<?xml version="1.0" encoding="UTF-8"?>
<testng-results ignored="0" total="5" passed="5" failed="0" skipped="0">
  <reporter-output>
  </reporter-output>
  <suite started-at="2023-07-12T19:05:21 IST" name="Default suite" finished-at="2023-07-12T19:08:23 IST" duration-ms="182111">
    <groups>
      <group name="cucumber">
        <method signature="AbstractTestNGCucumberTests.runScenario(io.cucumber.testng.PickleWrapper,io.cucumber.testng.FeatureWrapper)[pri:0, instance:runners.TestRunner@229f66ed]" name="runScenario" class="io.cucumber.testng.AbstractTestNGCucumberTests"/>
      </group> <!-- cucumber -->
    </groups>
    <test started-at="2023-07-12T19:05:21 IST" name="Default test" finished-at="2023-07-12T19:08:23 IST" duration-ms="182111">
      <class name="runners.TestRunner">
        <test-method is-config="true" signature="setUpClass(org.testng.ITestContext)[pri:0, instance:runners.TestRunner@229f66ed]" started-at="2023-07-12T19:05:21 IST" name="setUpClass" finished-at="2023-07-12T19:05:21 IST" duration-ms="866" status="PASS">
          <params>
            <param index="0">
              <value>
                <![CDATA[org.testng.TestRunner@3193e21d]]>
              </value>
            </param>
          </params>
          <reporter-output>
          </reporter-output>
        </test-method> <!-- setUpClass -->
        <test-method signature="runScenario(io.cucumber.testng.PickleWrapper,io.cucumber.testng.FeatureWrapper)[pri:0, instance:runners.TestRunner@229f66ed]" started-at="2023-07-12T19:05:22 IST" name="runScenario" description="Runs Cucumber Scenarios" data-provider="scenarios" finished-at="2023-07-12T19:05:59 IST" duration-ms="37503" status="PASS">
          <params>
            <param index="0">
              <value>
                <![CDATA["User register with valid data"]]>
              </value>
            </param>
            <param index="1">
              <value>
                <![CDATA["Register Page Tests"]]>
              </value>
            </param>
          </params>
          <reporter-output>
          </reporter-output>
        </test-method> <!-- runScenario -->
        <test-method signature="runScenario(io.cucumber.testng.PickleWrapper,io.cucumber.testng.FeatureWrapper)[pri:0, instance:runners.TestRunner@229f66ed]" started-at="2023-07-12T19:05:59 IST" name="runScenario" description="Runs Cucumber Scenarios" data-provider="scenarios" finished-at="2023-07-12T19:06:34 IST" duration-ms="35307" status="PASS">
          <params>
            <param index="0">
              <value>
                <![CDATA["User register with invalid data"]]>
              </value>
            </param>
            <param index="1">
              <value>
                <![CDATA["Register Page Tests"]]>
              </value>
            </param>
          </params>
          <reporter-output>
          </reporter-output>
        </test-method> <!-- runScenario -->
        <test-method signature="runScenario(io.cucumber.testng.PickleWrapper,io.cucumber.testng.FeatureWrapper)[pri:0, instance:runners.TestRunner@229f66ed]" started-at="2023-07-12T19:06:34 IST" name="runScenario" description="Runs Cucumber Scenarios" data-provider="scenarios" finished-at="2023-07-12T19:07:10 IST" duration-ms="35905" status="PASS">
          <params>
            <param index="0">
              <value>
                <![CDATA["User failed to enter any data"]]>
              </value>
            </param>
            <param index="1">
              <value>
                <![CDATA["Register Page Tests"]]>
              </value>
            </param>
          </params>
          <reporter-output>
          </reporter-output>
        </test-method> <!-- runScenario -->
        <test-method signature="runScenario(io.cucumber.testng.PickleWrapper,io.cucumber.testng.FeatureWrapper)[pri:0, instance:runners.TestRunner@229f66ed]" started-at="2023-07-12T19:07:10 IST" name="runScenario" description="Runs Cucumber Scenarios" data-provider="scenarios" finished-at="2023-07-12T19:07:47 IST" duration-ms="36902" status="PASS">
          <params>
            <param index="0">
              <value>
                <![CDATA["User enters already registered email"]]>
              </value>
            </param>
            <param index="1">
              <value>
                <![CDATA["Register Page Tests"]]>
              </value>
            </param>
          </params>
          <reporter-output>
          </reporter-output>
        </test-method> <!-- runScenario -->
        <test-method signature="runScenario(io.cucumber.testng.PickleWrapper,io.cucumber.testng.FeatureWrapper)[pri:0, instance:runners.TestRunner@229f66ed]" started-at="2023-07-12T19:07:47 IST" name="runScenario" description="Runs Cucumber Scenarios" data-provider="scenarios" finished-at="2023-07-12T19:08:23 IST" duration-ms="35495" status="PASS">
          <params>
            <param index="0">
              <value>
                <![CDATA["User enters already registered login name"]]>
              </value>
            </param>
            <param index="1">
              <value>
                <![CDATA["Register Page Tests"]]>
              </value>
            </param>
          </params>
          <reporter-output>
          </reporter-output>
        </test-method> <!-- runScenario -->
        <test-method is-config="true" signature="tearDownClass()[pri:0, instance:runners.TestRunner@229f66ed]" started-at="2023-07-12T19:08:23 IST" name="tearDownClass" finished-at="2023-07-12T19:08:23 IST" duration-ms="54" status="PASS">
          <reporter-output>
          </reporter-output>
        </test-method> <!-- tearDownClass -->
      </class> <!-- runners.TestRunner -->
    </test> <!-- Default test -->
  </suite> <!-- Default suite -->
</testng-results>
